<?xml version="1.0" ?>
<xml>
abvao;cnlfnsbdsofnllv uh sbhf; slsdi l bukdhf dsbsud fhaulsbi lhla hzdh asl.n5vass8v/.9v9afw qfq fiqgnfhkwqntvqh fqwh qwiotfqwhif gwqio2qjfg2qwfj qwl2 8lwqj9 lqw9fjl jq9fj hafj9 ahf 9jaa9 jla9sfj lsf9jasb f9lah9fg1jl9f9n191t91
</xml>
